10:51:01 **** Incremental Build of configuration WiFi test for project WiFi_module ****
make TEST=wifi_test all 
Compiling cc3000_spi.c
Compiling cc3000_common.c
Compiling evnt_handler.c
Compiling hci.c
Compiling netapp.c
Compiling nvmem.c
Compiling security.c
Compiling socket.c
In file included from ext/CC3000HostDriver/netapp.c:36:0:
ext/CC3000HostDriver/netapp.h:227:1: warning: function declaration isn't a prototype [-Wstrict-prototypes]
 extern INT32 netapp_ping_stop();
 ^
ext/CC3000HostDriver/netapp.h:252:1: warning: function declaration isn't a prototype [-Wstrict-prototypes]
 extern void netapp_ping_report();
 ^
ext/CC3000HostDriver/netapp.h:298:1: warning: function declaration isn't a prototype [-Wstrict-prototypes]
 extern INT32 netapp_arp_flush();
 ^
ext/CC3000HostDriver/hci.c: In function 'hci_command_send':
ext/CC3000HostDriver/hci.c:76:2: warning: implicit declaration of function 'SpiWrite' [-Wimplicit-function-declaration]
  SpiWrite(pucBuff, ucArgsLength + SIMPLE_LINK_HCI_CMND_HEADER_SIZE);
  ^
In file included from ext/CC3000HostDriver/evnt_handler.c:52:0:
ext/CC3000HostDriver/netapp.h:227:1: warning: function declaration isn't a prototype [-Wstrict-prototypes]
 extern INT32 netapp_ping_stop();
 ^
ext/CC3000HostDriver/netapp.h:252:1: warning: function declaration isn't a prototype [-Wstrict-prototypes]
 extern void netapp_ping_report();
 ^
ext/CC3000HostDriver/netapp.h:298:1: warning: function declaration isn't a prototype [-Wstrict-prototypes]
 extern INT32 netapp_arp_flush();
 ^
ext/CC3000HostDriver/cc3000_common.c: In function '__error__':
ext/CC3000HostDriver/cc3000_common.c:63:22: warning: unused parameter 'pcFilename' [-Wunused-parameter]
 void __error__(CHAR *pcFilename, UINT32 ulLine)
                      ^
ext/CC3000HostDriver/cc3000_common.c:63:41: warning: unused parameter 'ulLine' [-Wunused-parameter]
 void __error__(CHAR *pcFilename, UINT32 ulLine)
                                         ^
ext/CC3000HostDriver/netapp.c:284:6: warning: function declaration isn't a prototype [-Wstrict-prototypes]
 void netapp_ping_report()
      ^
ext/CC3000HostDriver/netapp.c:314:7: warning: function declaration isn't a prototype [-Wstrict-prototypes]
 INT32 netapp_ping_stop()
       ^
ext/CC3000HostDriver/evnt_handler.c: In function 'hci_event_handler':
ext/CC3000HostDriver/evnt_handler.c:473:4: warning: implicit declaration of function 'SpiResumeSpi' [-Wimplicit-function-declaration]
    SpiResumeSpi();
    ^
ext/CC3000HostDriver/hci.c: In function 'hci_data_send':
ext/CC3000HostDriver/hci.c:100:15: warning: unused parameter 'ucTail' [-Wunused-parameter]
  const UINT8 *ucTail,
               ^
ext/CC3000HostDriver/hci.c: In function 'hci_patch_send':
ext/CC3000HostDriver/hci.c:176:3: warning: implicit declaration of function 'memcpy' [-Wimplicit-function-declaration]
   memcpy((pucBuff + SPI_HEADER_SIZE) + HCI_PATCH_HEADER_SIZE, patch, usDataLength);
   ^
ext/CC3000HostDriver/hci.c:176:3: warning: incompatible implicit declaration of built-in function 'memcpy'
ext/CC3000HostDriver/hci.c:187:3: warning: incompatible implicit declaration of built-in function 'memcpy'
   memcpy(pucBuff + SPI_HEADER_SIZE + HCI_PATCH_HEADER_SIZE, patch, SL_PATCH_PORTION_SIZE);
   ^
ext/cc3000_bindings/cc3000_spi.c: In function 'irq_cb':
ext/cc3000_bindings/cc3000_spi.c:124:31: warning: unused parameter 'extp' [-Wunused-parameter]
 static void irq_cb(EXTDriver *extp, expchannel_t channel) {
                               ^
ext/cc3000_bindings/cc3000_spi.c:124:50: warning: unused parameter 'channel' [-Wunused-parameter]
 static void irq_cb(EXTDriver *extp, expchannel_t channel) {
                                                  ^
ext/cc3000_bindings/cc3000_spi.c: In function 'SpiClose':
ext/cc3000_bindings/cc3000_spi.c:238:2: warning: implicit declaration of function 'extChannelDisnable' [-Wimplicit-function-declaration]
  extChannelDisnable(&CC3000_EXTI_DRIVER, CC3000_IRQ_PAD);
  ^
ext/cc3000_bindings/cc3000_spi.c: In function 'cc3000_event_cb':
ext/cc3000_bindings/cc3000_spi.c:249:46: warning: unused parameter 'data' [-Wunused-parameter]
 void cc3000_event_cb(long event_type, char * data, unsigned char length)
                                              ^
ext/cc3000_bindings/cc3000_spi.c:249:66: warning: unused parameter 'length' [-Wunused-parameter]
 void cc3000_event_cb(long event_type, char * data, unsigned char length)
                                                                  ^
ext/cc3000_bindings/cc3000_spi.c: In function 'cc3000_init':
ext/cc3000_bindings/cc3000_spi.c:314:2: warning: implicit declaration of function 'wlan_init' [-Wimplicit-function-declaration]
  wlan_init( cc3000_event_cb, NULL, NULL, NULL, cc3000_irq_read, cc3000_irq_enable, cc3000_irq_disable, cc3000_enable);
  ^
ext/cc3000_bindings/cc3000_spi.c:315:2: warning: implicit declaration of function 'wlan_start' [-Wimplicit-function-declaration]
  wlan_start(0);
  ^
ext/cc3000_bindings/cc3000_spi.c: In function 'SpiWrite':
ext/cc3000_bindings/cc3000_spi.c:233:1: warning: control reaches end of non-void function [-Wreturn-type]
Compiling wlan.c
 }
 ^
In file included from ext/CC3000HostDriver/socket.c:49:0:
ext/CC3000HostDriver/netapp.h:227:1: warning: function declaration isn't a prototype [-Wstrict-prototypes]
 extern INT32 netapp_ping_stop();
 ^
ext/CC3000HostDriver/netapp.h:252:1: warning: function declaration isn't a prototype [-Wstrict-prototypes]
 extern void netapp_ping_report();
 ^
ext/CC3000HostDriver/netapp.h:298:1: warning: function declaration isn't a prototype [-Wstrict-prototypes]
 extern INT32 netapp_arp_flush();
 ^
In file included from ext/CC3000HostDriver/hci.h:38:0,
                 from ext/CC3000HostDriver/socket.c:46:
ext/CC3000HostDriver/socket.c: In function 'setsockopt':
ext/CC3000HostDriver/cc3000_common.h:342:71: warning: comparison between signed and unsigned integer expressions [-Wsign-compare]
 #define ARRAY_TO_STREAM(p, a, l)  {register INT16 _i; for (_i = 0; _i < l; _i++) *(p)++ = ((UINT8 *) a)[_i];}
                                                                       ^
ext/CC3000HostDriver/socket.c:738:2: note: in expansion of macro 'ARRAY_TO_STREAM'
  ARRAY_TO_STREAM(args, ((UINT8 *)optval), optlen);
  ^
Compiling wifi_test.cpp
ext/CC3000HostDriver/wlan.c: In function 'wlan_start':
ext/CC3000HostDriver/wlan.c:276:2: warning: implicit declaration of function 'SpiOpen' [-Wimplicit-function-declaration]
  SpiOpen(SpiReceiveHandler);
  ^
ext/CC3000HostDriver/wlan.c: In function 'wlan_stop':
ext/CC3000HostDriver/wlan.c:341:2: warning: implicit declaration of function 'SpiClose' [-Wimplicit-function-declaration]
  SpiClose();
  ^
In file included from ext/CC3000HostDriver/wlan.h:38:0,
                 from ext/CC3000HostDriver/wlan.c:43:
ext/CC3000HostDriver/wlan.c: In function 'wlan_add_profile':
ext/CC3000HostDriver/cc3000_common.h:342:71: warning: comparison between signed and unsigned integer expressions [-Wsign-compare]
 #define ARRAY_TO_STREAM(p, a, l)  {register INT16 _i; for (_i = 0; _i < l; _i++) *(p)++ = ((UINT8 *) a)[_i];}
                                                                       ^
ext/CC3000HostDriver/wlan.c:622:4: note: in expansion of macro 'ARRAY_TO_STREAM'
    ARRAY_TO_STREAM(args, ucSsid, ulSsidLen);
    ^
ext/CC3000HostDriver/cc3000_common.h:342:71: warning: comparison between signed and unsigned integer expressions [-Wsign-compare]
 #define ARRAY_TO_STREAM(p, a, l)  {register INT16 _i; for (_i = 0; _i < l; _i++) *(p)++ = ((UINT8 *) a)[_i];}
                                                                       ^
ext/CC3000HostDriver/wlan.c:646:4: note: in expansion of macro 'ARRAY_TO_STREAM'
    ARRAY_TO_STREAM(args, ucSsid, ulSsidLen);
    ^
ext/CC3000HostDriver/cc3000_common.h:342:71: warning: comparison between signed and unsigned integer expressions [-Wsign-compare]
 #define ARRAY_TO_STREAM(p, a, l)  {register INT16 _i; for (_i = 0; _i < l; _i++) *(p)++ = ((UINT8 *) a)[_i];}
                                                                       ^
ext/CC3000HostDriver/wlan.c:652:5: note: in expansion of macro 'ARRAY_TO_STREAM'
     ARRAY_TO_STREAM(args, p, ulPairwiseCipher_Or_TxKeyLen);
     ^
ext/CC3000HostDriver/cc3000_common.h:342:71: warning: comparison between signed and unsigned integer expressions [-Wsign-compare]
 #define ARRAY_TO_STREAM(p, a, l)  {register INT16 _i; for (_i = 0; _i < l; _i++) *(p)++ = ((UINT8 *) a)[_i];}
                                                                       ^
ext/CC3000HostDriver/wlan.c:683:4: note: in expansion of macro 'ARRAY_TO_STREAM'
    ARRAY_TO_STREAM(args, ucSsid, ulSsidLen);
    ^
ext/CC3000HostDriver/cc3000_common.h:342:71: warning: comparison between signed and unsigned integer expressions [-Wsign-compare]
 #define ARRAY_TO_STREAM(p, a, l)  {register INT16 _i; for (_i = 0; _i < l; _i++) *(p)++ = ((UINT8 *) a)[_i];}
                                                                       ^
ext/CC3000HostDriver/wlan.c:684:4: note: in expansion of macro 'ARRAY_TO_STREAM'
    ARRAY_TO_STREAM(args, ucPf_OrKey, ulPassPhraseLen);
    ^
ext/CC3000HostDriver/wlan.c: In function 'wlan_ioctl_set_scan_params':
ext/CC3000HostDriver/cc3000_common.h:342:71: warning: comparison between signed and unsigned integer expressions [-Wsign-compare]
 #define ARRAY_TO_STREAM(p, a, l)  {register INT16 _i; for (_i = 0; _i < l; _i++) *(p)++ = ((UINT8 *) a)[_i];}
                                                                       ^
ext/CC3000HostDriver/wlan.c:877:2: note: in expansion of macro 'ARRAY_TO_STREAM'
  ARRAY_TO_STREAM(args, aiIntervalList, sizeof(UINT32) * 
  ^
In file included from ext/CC3000HostDriver/cc3000_common.h:38:0,
                 from ext/CC3000HostDriver/wlan.h:38,
                 from test/wifi_test.cpp:7:
ext/CC3000HostDriver/data_types.h:62:23: error: expected identifier before '(' token
 #define OK            (0)
                       ^
/opt/r2p/core/Middleware/port/chibios/include/r2p/impl/Thread_.hpp:26:10: note: in expansion of macro 'OK'
   enum { OK = CH_SUCCESS };
          ^
ext/CC3000HostDriver/data_types.h:62:23: error: expected '}' before '(' token
 #define OK            (0)
                       ^
/opt/r2p/core/Middleware/port/chibios/include/r2p/impl/Thread_.hpp:26:10: note: in expansion of macro 'OK'
   enum { OK = CH_SUCCESS };
          ^
ext/CC3000HostDriver/data_types.h:62:24: error: expected unqualified-id before numeric constant
 #define OK            (0)
                        ^
/opt/r2p/core/Middleware/port/chibios/include/r2p/impl/Thread_.hpp:26:10: note: in expansion of macro 'OK'
   enum { OK = CH_SUCCESS };
          ^
ext/CC3000HostDriver/data_types.h:62:24: error: expected ')' before numeric constant
 #define OK            (0)
                        ^
/opt/r2p/core/Middleware/port/chibios/include/r2p/impl/Thread_.hpp:26:10: note: in expansion of macro 'OK'
   enum { OK = CH_SUCCESS };
          ^
In file included from /opt/r2p/core/Middleware/include/r2p/Thread.hpp:4:0,
                 from /opt/r2p/core/Middleware/port/chibios/include/r2p/impl/SpinEvent_.hpp:5,
                 from /opt/r2p/core/Middleware/include/r2p/SpinEvent.hpp:4,
                 from /opt/r2p/core/Middleware/include/r2p/Node.hpp:6,
                 from /opt/r2p/core/Middleware/include/r2p/LocalSubscriber.hpp:51,
                 from /opt/r2p/core/Middleware/include/r2p/Topic.hpp:123,
                 from /opt/r2p/core/Middleware/include/r2p/Middleware.hpp:5,
                 from test/wifi_test.cpp:9:
/opt/r2p/core/Middleware/port/chibios/include/r2p/impl/Thread_.hpp:33:1: error: expected unqualified-id before 'public'
 public:
 ^
/opt/r2p/core/Middleware/port/chibios/include/r2p/impl/Thread_.hpp:38:1: error: expected unqualified-id before 'private'
 private:
 ^
/opt/r2p/core/Middleware/port/chibios/include/r2p/impl/Thread_.hpp:41:1: error: expected unqualified-id before 'public'
 public:
 ^
/opt/r2p/core/Middleware/port/chibios/include/r2p/impl/Thread_.hpp:62:1: error: expected declaration before '}' token
 } // namespace r2p
 ^
/opt/r2p/core/Middleware/port/chibios/include/r2p/impl/Thread_.hpp:43:19: warning: 'r2p::Thread_* r2p::create_static(void*, size_t, r2p::Priority, r2p::Function, void*, const char*)' declared 'static' but never defined [-Wunused-function]
   static Thread_ *create_static(void *stackp, size_t stacklen,
                   ^
/opt/r2p/core/Middleware/port/chibios/include/r2p/impl/Thread_.hpp:47:19: warning: 'r2p::Thread_* r2p::create_heap(void*, size_t, r2p::Priority, r2p::Function, void*, const char*)' declared 'static' but never defined [-Wunused-function]
   static Thread_ *create_heap(void *heapp, size_t stacklen, Priority priority,
                   ^
/opt/r2p/core/Middleware/port/chibios/include/r2p/impl/Thread_.hpp:50:19: warning: 'r2p::Thread_* r2p::create_pool(r2p::MemoryPool_&, r2p::Priority, r2p::Function, void*, const char*)' declared 'static' but never defined [-Wunused-function]
   static Thread_ *create_pool(MemoryPool_ &mempool, Priority priority,
                   ^
/opt/r2p/core/Middleware/port/chibios/include/r2p/impl/Thread_.hpp:53:19: warning: 'r2p::Thread_& r2p::self()' declared 'static' but never defined [-Wunused-function]
   static Thread_ &self();
                   ^
/opt/r2p/core/Middleware/port/chibios/include/r2p/impl/Thread_.hpp:54:19: warning: 'r2p::Priority r2p::get_priority()' declared 'static' but never defined [-Wunused-function]
   static Priority get_priority();
                   ^
/opt/r2p/core/Middleware/port/chibios/include/r2p/impl/Thread_.hpp:55:15: warning: 'void r2p::set_priority(r2p::Priority)' declared 'static' but never defined [-Wunused-function]
   static void set_priority(Priority priority);
               ^
/opt/r2p/core/Middleware/port/chibios/include/r2p/impl/Thread_.hpp:56:15: warning: 'void r2p::yield()' declared 'static' but never defined [-Wunused-function]
   static void yield();
               ^
/opt/r2p/core/Middleware/port/chibios/include/r2p/impl/Thread_.hpp:57:15: warning: 'void r2p::sleep(const r2p::Time&)' declared 'static' but never defined [-Wunused-function]
   static void sleep(const Time &delay);
               ^
/opt/r2p/core/Middleware/port/chibios/include/r2p/impl/Thread_.hpp:58:15: warning: 'bool r2p::join(r2p::Thread_&)' declared 'static' but never defined [-Wunused-function]
   static bool join(Thread_ &thread);
               ^
make: *** [build/obj/wifi_test.o] Error 1

10:51:02 Build Finished (took 409ms)

